# JRE version: OpenJDK Runtime Environment Temurin-21.0.10+7 (21.0.10+7) (build 21.0.10+7-LTS)
# Java VM: OpenJDK 64-Bit Server VM Temurin-21.0.10+7 (21.0.10+7-LTS, mixed mode, sharing, tiered, compressed oops, compressed class ptrs, parallel gc, windows-amd64)
GC Precious Log:
 CardTable entry size: 512
 CPUs: 8 total, 8 available
 Memory: 7455M
 Large Page Support: Disabled
 NUMA Support: Disabled
 Compressed Oops: Enabled (32-bit)
 Alignments: Space 512K, Generation 512K, Heap 2M
 Heap Min Capacity: 100M
 Heap Initial Capacity: 100M
 Heap Max Capacity: 2G
 Pre-touch: Disabled
 Parallel Workers: 8
Heap:
 PSYoungGen      total 19968K, used 2621K [0x00000000d5580000, 0x00000000d6c00000, 0x0000000100000000)
  eden space 16384K, 12% used [0x00000000d5580000,0x00000000d576e1e0,0x00000000d6580000)
  from space 3584K, 17% used [0x00000000d6700000,0x00000000d67a1420,0x00000000d6a80000)
  to   space 1536K, 0% used [0x00000000d6a80000,0x00000000d6a80000,0x00000000d6c00000)
 ParOldGen       total 75264K, used 67055K [0x0000000080000000, 0x0000000084980000, 0x00000000d5580000)
  object space 75264K, 89% used [0x0000000080000000,0x000000008417bd90,0x0000000084980000)
 Metaspace       used 62908K, committed 64384K, reserved 1114112K
  class space    used 6753K, committed 7424K, reserved 1048576K
GC Heap History (20 events):
Event: 793.632 GC heap before
{Heap before GC invocations=59 (full 2):
 PSYoungGen      total 18944K, used 18454K [0x00000000d5580000, 0x00000000d6a00000, 0x0000000100000000)
  eden space 17408K, 100% used [0x00000000d5580000,0x00000000d6680000,0x00000000d6680000)
  from space 1536K, 68% used [0x00000000d6880000,0x00000000d6985b38,0x00000000d6a00000)
  to   space 1536K, 0% used [0x00000000d6700000,0x00000000d6700000,0x00000000d6880000)
 ParOldGen       total 70144K, used 69937K [0x0000000080000000, 0x0000000084480000, 0x00000000d5580000)
  object space 70144K, 99% used [0x0000000080000000,0x000000008444c4f8,0x0000000084480000)
 Metaspace       used 53838K, committed 55296K, reserved 1114112K
  class space    used 5733K, committed 6400K, reserved 1048576K
}
Event: 793.635 GC heap after
{Heap after GC invocations=59 (full 2):
 PSYoungGen      total 18944K, used 1531K [0x00000000d5580000, 0x00000000d6d80000, 0x0000000100000000)
  eden space 17408K, 0% used [0x00000000d5580000,0x00000000d5580000,0x00000000d6680000)
  from space 1536K, 99% used [0x00000000d6700000,0x00000000d687efb0,0x00000000d6880000)
  to   space 3584K, 0% used [0x00000000d6a00000,0x00000000d6a00000,0x00000000d6d80000)
 ParOldGen       total 71680K, used 71233K [0x0000000080000000, 0x0000000084600000, 0x00000000d5580000)
  object space 71680K, 99% used [0x0000000080000000,0x0000000084590498,0x0000000084600000)
 Metaspace       used 53838K, committed 55296K, reserved 1114112K
  class space    used 5733K, committed 6400K, reserved 1048576K
}
Event: 794.325 GC heap before
{Heap before GC invocations=60 (full 2):
 PSYoungGen      total 18944K, used 18939K [0x00000000d5580000, 0x00000000d6d80000, 0x0000000100000000)
  eden space 17408K, 100% used [0x00000000d5580000,0x00000000d6680000,0x00000000d6680000)
  from space 1536K, 99% used [0x00000000d6700000,0x00000000d687efb0,0x00000000d6880000)
  to   space 3584K, 0% used [0x00000000d6a00000,0x00000000d6a00000,0x00000000d6d80000)
 ParOldGen       total 71680K, used 71233K [0x0000000080000000, 0x0000000084600000, 0x00000000d5580000)
  object space 71680K, 99% used [0x0000000080000000,0x0000000084590498,0x0000000084600000)
 Metaspace       used 55519K, committed 56960K, reserved 1114112K
  class space    used 5943K, committed 6592K, reserved 1048576K
}
Event: 794.331 GC heap after
{Heap after GC invocations=60 (full 2):
 PSYoungGen      total 18944K, used 1163K [0x00000000d5580000, 0x00000000d6b80000, 0x0000000100000000)
  eden space 17408K, 0% used [0x00000000d5580000,0x00000000d5580000,0x00000000d6680000)
  from space 1536K, 75% used [0x00000000d6a00000,0x00000000d6b22f80,0x00000000d6b80000)
  to   space 2048K, 0% used [0x00000000d6780000,0x00000000d6780000,0x00000000d6980000)
 ParOldGen       total 73216K, used 72805K [0x0000000080000000, 0x0000000084780000, 0x00000000d5580000)
  object space 73216K, 99% used [0x0000000080000000,0x0000000084719510,0x0000000084780000)
 Metaspace       used 55519K, committed 56960K, reserved 1114112K
  class space    used 5943K, committed 6592K, reserved 1048576K
}
Event: 795.078 GC heap before
{Heap before GC invocations=61 (full 2):
 PSYoungGen      total 18944K, used 18528K [0x00000000d5580000, 0x00000000d6b80000, 0x0000000100000000)
  eden space 17408K, 99% used [0x00000000d5580000,0x00000000d6675118,0x00000000d6680000)
  from space 1536K, 75% used [0x00000000d6a00000,0x00000000d6b22f80,0x00000000d6b80000)
  to   space 2048K, 0% used [0x00000000d6780000,0x00000000d6780000,0x00000000d6980000)
 ParOldGen       total 73216K, used 72805K [0x0000000080000000, 0x0000000084780000, 0x00000000d5580000)
  object space 73216K, 99% used [0x0000000080000000,0x0000000084719510,0x0000000084780000)
 Metaspace       used 56370K, committed 57856K, reserved 1114112K
  class space    used 6044K, committed 6720K, reserved 1048576K
}
Event: 795.082 GC heap after
{Heap after GC invocations=61 (full 2):
 PSYoungGen      total 19456K, used 320K [0x00000000d5580000, 0x00000000d6a80000, 0x0000000100000000)
  eden space 17408K, 0% used [0x00000000d5580000,0x00000000d5580000,0x00000000d6680000)
  from space 2048K, 15% used [0x00000000d6780000,0x00000000d67d0000,0x00000000d6980000)
  to   space 1024K, 0% used [0x00000000d6980000,0x00000000d6980000,0x00000000d6a80000)
 ParOldGen       total 74240K, used 73863K [0x0000000080000000, 0x0000000084880000, 0x00000000d5580000)
  object space 74240K, 99% used [0x0000000080000000,0x0000000084821d38,0x0000000084880000)
 Metaspace       used 56370K, committed 57856K, reserved 1114112K
  class space    used 6044K, committed 6720K, reserved 1048576K
}
Event: 795.803 GC heap before
{Heap before GC invocations=62 (full 2):
 PSYoungGen      total 19456K, used 17728K [0x00000000d5580000, 0x00000000d6a80000, 0x0000000100000000)
  eden space 17408K, 100% used [0x00000000d5580000,0x00000000d6680000,0x00000000d6680000)
  from space 2048K, 15% used [0x00000000d6780000,0x00000000d67d0000,0x00000000d6980000)
  to   space 1024K, 0% used [0x00000000d6980000,0x00000000d6980000,0x00000000d6a80000)
 ParOldGen       total 74240K, used 73863K [0x0000000080000000, 0x0000000084880000, 0x00000000d5580000)
  object space 74240K, 99% used [0x0000000080000000,0x0000000084821d38,0x0000000084880000)
 Metaspace       used 57690K, committed 59136K, reserved 1114112K
  class space    used 6186K, committed 6848K, reserved 1048576K
}
Event: 795.807 GC heap after
{Heap after GC invocations=62 (full 2):
 PSYoungGen      total 18432K, used 992K [0x00000000d5580000, 0x00000000d6a80000, 0x0000000100000000)
  eden space 17408K, 0% used [0x00000000d5580000,0x00000000d5580000,0x00000000d6680000)
  from space 1024K, 96% used [0x00000000d6980000,0x00000000d6a78000,0x00000000d6a80000)
  to   space 1536K, 0% used [0x00000000d6780000,0x00000000d6780000,0x00000000d6900000)
 ParOldGen       total 74240K, used 74087K [0x0000000080000000, 0x0000000084880000, 0x00000000d5580000)
  object space 74240K, 99% used [0x0000000080000000,0x0000000084859d38,0x0000000084880000)
 Metaspace       used 57690K, committed 59136K, reserved 1114112K
  class space    used 6186K, committed 6848K, reserved 1048576K
}
Event: 796.270 GC heap before
{Heap before GC invocations=63 (full 2):
 PSYoungGen      total 18432K, used 7955K [0x00000000d5580000, 0x00000000d6a80000, 0x0000000100000000)
  eden space 17408K, 39% used [0x00000000d5580000,0x00000000d5c4cc60,0x00000000d6680000)
  from space 1024K, 96% used [0x00000000d6980000,0x00000000d6a78000,0x00000000d6a80000)
  to   space 1536K, 0% used [0x00000000d6780000,0x00000000d6780000,0x00000000d6900000)
 ParOldGen       total 74240K, used 74087K [0x0000000080000000, 0x0000000084880000, 0x00000000d5580000)
  object space 74240K, 99% used [0x0000000080000000,0x0000000084859d38,0x0000000084880000)
 Metaspace       used 58345K, committed 59776K, reserved 1114112K
  class space    used 6255K, committed 6912K, reserved 1048576K
}
Event: 796.275 GC heap after
{Heap after GC invocations=63 (full 2):
 PSYoungGen      total 18944K, used 579K [0x00000000d5580000, 0x00000000d6a00000, 0x0000000100000000)
  eden space 17408K, 0% used [0x00000000d5580000,0x00000000d5580000,0x00000000d6680000)
  from space 1536K, 37% used [0x00000000d6780000,0x00000000d6810e70,0x00000000d6900000)
  to   space 1024K, 0% used [0x00000000d6900000,0x00000000d6900000,0x00000000d6a00000)
 ParOldGen       total 75264K, used 74911K [0x0000000080000000, 0x0000000084980000, 0x00000000d5580000)
  object space 75264K, 99% used [0x0000000080000000,0x0000000084927d38,0x0000000084980000)
 Metaspace       used 58345K, committed 59776K, reserved 1114112K
  class space    used 6255K, committed 6912K, reserved 1048576K
}
Event: 796.275 GC heap before
{Heap before GC invocations=64 (full 3):
 PSYoungGen      total 18944K, used 579K [0x00000000d5580000, 0x00000000d6a00000, 0x0000000100000000)
  eden space 17408K, 0% used [0x00000000d5580000,0x00000000d5580000,0x00000000d6680000)
  from space 1536K, 37% used [0x00000000d6780000,0x00000000d6810e70,0x00000000d6900000)
  to   space 1024K, 0% used [0x00000000d6900000,0x00000000d6900000,0x00000000d6a00000)
 ParOldGen       total 75264K, used 74911K [0x0000000080000000, 0x0000000084980000, 0x00000000d5580000)
  object space 75264K, 99% used [0x0000000080000000,0x0000000084927d38,0x0000000084980000)
 Metaspace       used 58345K, committed 59776K, reserved 1114112K
  class space    used 6255K, committed 6912K, reserved 1048576K
}
Event: 796.998 GC heap after
{Heap after GC invocations=64 (full 3):
 PSYoungGen      total 18944K, used 0K [0x00000000d5580000, 0x00000000d6a00000, 0x0000000100000000)
  eden space 17408K, 0% used [0x00000000d5580000,0x00000000d5580000,0x00000000d6680000)
  from space 1536K, 0% used [0x00000000d6780000,0x00000000d6780000,0x00000000d6900000)
  to   space 1024K, 0% used [0x00000000d6900000,0x00000000d6900000,0x00000000d6a00000)
 ParOldGen       total 75264K, used 61304K [0x0000000080000000, 0x0000000084980000, 0x00000000d5580000)
  object space 75264K, 81% used [0x0000000080000000,0x0000000083bde118,0x0000000084980000)
 Metaspace       used 58345K, committed 59776K, reserved 1114112K
  class space    used 6255K, committed 6912K, reserved 1048576K
}
Event: 1473.453 GC heap before
{Heap before GC invocations=65 (full 3):
 PSYoungGen      total 18944K, used 17408K [0x00000000d5580000, 0x00000000d6a00000, 0x0000000100000000)
  eden space 17408K, 100% used [0x00000000d5580000,0x00000000d6680000,0x00000000d6680000)
  from space 1536K, 0% used [0x00000000d6780000,0x00000000d6780000,0x00000000d6900000)
  to   space 1024K, 0% used [0x00000000d6900000,0x00000000d6900000,0x00000000d6a00000)
 ParOldGen       total 75264K, used 61304K [0x0000000080000000, 0x0000000084980000, 0x00000000d5580000)
  object space 75264K, 81% used [0x0000000080000000,0x0000000083bde118,0x0000000084980000)
 Metaspace       used 59895K, committed 61312K, reserved 1114112K
  class space    used 6451K, committed 7040K, reserved 1048576K
}
Event: 1473.525 GC heap after
{Heap after GC invocations=65 (full 3):
 PSYoungGen      total 17408K, used 996K [0x00000000d5580000, 0x00000000d6d80000, 0x0000000100000000)
  eden space 16384K, 0% used [0x00000000d5580000,0x00000000d5580000,0x00000000d6580000)
  from space 1024K, 97% used [0x00000000d6900000,0x00000000d69f9258,0x00000000d6a00000)
  to   space 3584K, 0% used [0x00000000d6580000,0x00000000d6580000,0x00000000d6900000)
 ParOldGen       total 75264K, used 63342K [0x0000000080000000, 0x0000000084980000, 0x00000000d5580000)
  object space 75264K, 84% used [0x0000000080000000,0x0000000083ddbb10,0x0000000084980000)
 Metaspace       used 59895K, committed 61312K, reserved 1114112K
  class space    used 6451K, committed 7040K, reserved 1048576K
}
Event: 1474.874 GC heap before
{Heap before GC invocations=66 (full 3):
 PSYoungGen      total 17408K, used 17366K [0x00000000d5580000, 0x00000000d6d80000, 0x0000000100000000)
  eden space 16384K, 99% used [0x00000000d5580000,0x00000000d657c860,0x00000000d6580000)
  from space 1024K, 97% used [0x00000000d6900000,0x00000000d69f9258,0x00000000d6a00000)
  to   space 3584K, 0% used [0x00000000d6580000,0x00000000d6580000,0x00000000d6900000)
 ParOldGen       total 75264K, used 63342K [0x0000000080000000, 0x0000000084980000, 0x00000000d5580000)
  object space 75264K, 84% used [0x0000000080000000,0x0000000083ddbb10,0x0000000084980000)
 Metaspace       used 61287K, committed 62784K, reserved 1114112K
  class space    used 6567K, committed 7232K, reserved 1048576K
}
Event: 1474.889 GC heap after
{Heap after GC invocations=66 (full 3):
 PSYoungGen      total 19968K, used 3571K [0x00000000d5580000, 0x00000000d7180000, 0x0000000100000000)
  eden space 16384K, 0% used [0x00000000d5580000,0x00000000d5580000,0x00000000d6580000)
  from space 3584K, 99% used [0x00000000d6580000,0x00000000d68fce58,0x00000000d6900000)
  to   space 6144K, 0% used [0x00000000d6b80000,0x00000000d6b80000,0x00000000d7180000)
 ParOldGen       total 75264K, used 65164K [0x0000000080000000, 0x0000000084980000, 0x00000000d5580000)
  object space 75264K, 86% used [0x0000000080000000,0x0000000083fa3120,0x0000000084980000)
 Metaspace       used 61287K, committed 62784K, reserved 1114112K
  class space    used 6567K, committed 7232K, reserved 1048576K
}
Event: 1476.149 GC heap before
{Heap before GC invocations=67 (full 3):
 PSYoungGen      total 19968K, used 19955K [0x00000000d5580000, 0x00000000d7180000, 0x0000000100000000)
  eden space 16384K, 100% used [0x00000000d5580000,0x00000000d6580000,0x00000000d6580000)
  from space 3584K, 99% used [0x00000000d6580000,0x00000000d68fce58,0x00000000d6900000)
  to   space 6144K, 0% used [0x00000000d6b80000,0x00000000d6b80000,0x00000000d7180000)
 ParOldGen       total 75264K, used 65164K [0x0000000080000000, 0x0000000084980000, 0x00000000d5580000)
  object space 75264K, 86% used [0x0000000080000000,0x0000000083fa3120,0x0000000084980000)
 Metaspace       used 61768K, committed 63232K, reserved 1114112K
  class space    used 6638K, committed 7296K, reserved 1048576K
}
Event: 1476.159 GC heap after
{Heap after GC invocations=67 (full 3):
 PSYoungGen      total 18944K, used 2144K [0x00000000d5580000, 0x00000000d6e00000, 0x0000000100000000)
  eden space 16384K, 0% used [0x00000000d5580000,0x00000000d5580000,0x00000000d6580000)
  from space 2560K, 83% used [0x00000000d6b80000,0x00000000d6d98000,0x00000000d6e00000)
  to   space 3584K, 0% used [0x00000000d6700000,0x00000000d6700000,0x00000000d6a80000)
 ParOldGen       total 75264K, used 66055K [0x0000000080000000, 0x0000000084980000, 0x00000000d5580000)
  object space 75264K, 87% used [0x0000000080000000,0x0000000084081d90,0x0000000084980000)
 Metaspace       used 61768K, committed 63232K, reserved 1114112K
  class space    used 6638K, committed 7296K, reserved 1048576K
}
Event: 1777.615 GC heap before
{Heap before GC invocations=68 (full 3):
 PSYoungGen      total 18944K, used 18523K [0x00000000d5580000, 0x00000000d6e00000, 0x0000000100000000)
  eden space 16384K, 99% used [0x00000000d5580000,0x00000000d657ed88,0x00000000d6580000)
  from space 2560K, 83% used [0x00000000d6b80000,0x00000000d6d98000,0x00000000d6e00000)
  to   space 3584K, 0% used [0x00000000d6700000,0x00000000d6700000,0x00000000d6a80000)
 ParOldGen       total 75264K, used 66055K [0x0000000080000000, 0x0000000084980000, 0x00000000d5580000)
  object space 75264K, 87% used [0x0000000080000000,0x0000000084081d90,0x0000000084980000)
 Metaspace       used 62827K, committed 64320K, reserved 1114112K
  class space    used 6745K, committed 7424K, reserved 1048576K
}
Event: 1777.723 GC heap after
{Heap after GC invocations=68 (full 3):
 PSYoungGen      total 19968K, used 645K [0x00000000d5580000, 0x00000000d6c00000, 0x0000000100000000)
  eden space 16384K, 0% used [0x00000000d5580000,0x00000000d5580000,0x00000000d6580000)
  from space 3584K, 17% used [0x00000000d6700000,0x00000000d67a1420,0x00000000d6a80000)
  to   space 1536K, 0% used [0x00000000d6a80000,0x00000000d6a80000,0x00000000d6c00000)
 ParOldGen       total 75264K, used 67055K [0x0000000080000000, 0x0000000084980000, 0x00000000d5580000)
  object space 75264K, 89% used [0x0000000080000000,0x000000008417bd90,0x0000000084980000)
 Metaspace       used 62827K, committed 64320K, reserved 1114112K
  class space    used 6745K, committed 7424K, reserved 1048576K
}

