# JRE version: OpenJDK Runtime Environment Temurin-21.0.10+7 (21.0.10+7) (build 21.0.10+7-LTS)
# Java VM: OpenJDK 64-Bit Server VM Temurin-21.0.10+7 (21.0.10+7-LTS, mixed mode, sharing, tiered, compressed oops, compressed class ptrs, parallel gc, windows-amd64)
GC Precious Log:
 CardTable entry size: 512
 CPUs: 8 total, 8 available
 Memory: 7455M
 Large Page Support: Disabled
 NUMA Support: Disabled
 Compressed Oops: Enabled (32-bit)
 Alignments: Space 512K, Generation 512K, Heap 2M
 Heap Min Capacity: 100M
 Heap Initial Capacity: 100M
 Heap Max Capacity: 2G
 Pre-touch: Disabled
 Parallel Workers: 8
Heap:
 PSYoungGen      total 1536K, used 395K [0x00000000d5580000, 0x00000000d5780000, 0x0000000100000000)
  eden space 1024K, 16% used [0x00000000d5580000,0x00000000d55aae18,0x00000000d5680000)
  from space 512K, 43% used [0x00000000d5700000,0x00000000d5738000,0x00000000d5780000)
  to   space 512K, 0% used [0x00000000d5680000,0x00000000d5680000,0x00000000d5700000)
 ParOldGen       total 169472K, used 169365K [0x0000000080000000, 0x000000008a580000, 0x00000000d5580000)
  object space 169472K, 99% used [0x0000000080000000,0x000000008a565490,0x000000008a580000)
 Metaspace       used 67551K, committed 69056K, reserved 1114112K
  class space    used 7126K, committed 7744K, reserved 1048576K
GC Heap History (20 events):
Event: 83.813 GC heap before
{Heap before GC invocations=420 (full 3):
 PSYoungGen      total 1536K, used 1473K [0x00000000d5580000, 0x00000000d5980000, 0x0000000100000000)
  eden space 512K, 100% used [0x00000000d5580000,0x00000000d5600000,0x00000000d5600000)
  from space 1024K, 93% used [0x00000000d5780000,0x00000000d58706f0,0x00000000d5880000)
  to   space 1536K, 0% used [0x00000000d5600000,0x00000000d5600000,0x00000000d5780000)
 ParOldGen       total 165376K, used 164962K [0x0000000080000000, 0x000000008a180000, 0x00000000d5580000)
  object space 165376K, 99% used [0x0000000080000000,0x000000008a118a80,0x000000008a180000)
 Metaspace       used 67287K, committed 68800K, reserved 1114112K
  class space    used 7093K, committed 7680K, reserved 1048576K
}
Event: 83.816 GC heap after
{Heap after GC invocations=420 (full 3):
 PSYoungGen      total 1024K, used 480K [0x00000000d5580000, 0x00000000d5800000, 0x0000000100000000)
  eden space 512K, 0% used [0x00000000d5580000,0x00000000d5580000,0x00000000d5600000)
  from space 512K, 93% used [0x00000000d5600000,0x00000000d5678000,0x00000000d5680000)
  to   space 1024K, 0% used [0x00000000d5700000,0x00000000d5700000,0x00000000d5800000)
 ParOldGen       total 165888K, used 165804K [0x0000000080000000, 0x000000008a200000, 0x00000000d5580000)
  object space 165888K, 99% used [0x0000000080000000,0x000000008a1eb170,0x000000008a200000)
 Metaspace       used 67287K, committed 68800K, reserved 1114112K
  class space    used 7093K, committed 7680K, reserved 1048576K
}
Event: 83.853 GC heap before
{Heap before GC invocations=421 (full 3):
 PSYoungGen      total 1024K, used 991K [0x00000000d5580000, 0x00000000d5800000, 0x0000000100000000)
  eden space 512K, 99% used [0x00000000d5580000,0x00000000d55fffa0,0x00000000d5600000)
  from space 512K, 93% used [0x00000000d5600000,0x00000000d5678000,0x00000000d5680000)
  to   space 1024K, 0% used [0x00000000d5700000,0x00000000d5700000,0x00000000d5800000)
 ParOldGen       total 165888K, used 165804K [0x0000000080000000, 0x000000008a200000, 0x00000000d5580000)
  object space 165888K, 99% used [0x0000000080000000,0x000000008a1eb170,0x000000008a200000)
 Metaspace       used 67288K, committed 68800K, reserved 1114112K
  class space    used 7093K, committed 7680K, reserved 1048576K
}
Event: 83.856 GC heap after
{Heap after GC invocations=421 (full 3):
 PSYoungGen      total 1536K, used 544K [0x00000000d5580000, 0x00000000d5800000, 0x0000000100000000)
  eden space 512K, 0% used [0x00000000d5580000,0x00000000d5580000,0x00000000d5600000)
  from space 1024K, 53% used [0x00000000d5700000,0x00000000d5788000,0x00000000d5800000)
  to   space 1024K, 0% used [0x00000000d5600000,0x00000000d5600000,0x00000000d5700000)
 ParOldGen       total 166400K, used 166212K [0x0000000080000000, 0x000000008a280000, 0x00000000d5580000)
  object space 166400K, 99% used [0x0000000080000000,0x000000008a251170,0x000000008a280000)
 Metaspace       used 67288K, committed 68800K, reserved 1114112K
  class space    used 7093K, committed 7680K, reserved 1048576K
}
Event: 83.893 GC heap before
{Heap before GC invocations=422 (full 3):
 PSYoungGen      total 1536K, used 1056K [0x00000000d5580000, 0x00000000d5800000, 0x0000000100000000)
  eden space 512K, 100% used [0x00000000d5580000,0x00000000d5600000,0x00000000d5600000)
  from space 1024K, 53% used [0x00000000d5700000,0x00000000d5788000,0x00000000d5800000)
  to   space 1024K, 0% used [0x00000000d5600000,0x00000000d5600000,0x00000000d5700000)
 ParOldGen       total 166400K, used 166212K [0x0000000080000000, 0x000000008a280000, 0x00000000d5580000)
  object space 166400K, 99% used [0x0000000080000000,0x000000008a251170,0x000000008a280000)
 Metaspace       used 67289K, committed 68800K, reserved 1114112K
  class space    used 7093K, committed 7680K, reserved 1048576K
}
Event: 83.896 GC heap after
{Heap after GC invocations=422 (full 3):
 PSYoungGen      total 1536K, used 544K [0x00000000d5580000, 0x00000000d5800000, 0x0000000100000000)
  eden space 512K, 0% used [0x00000000d5580000,0x00000000d5580000,0x00000000d5600000)
  from space 1024K, 53% used [0x00000000d5600000,0x00000000d5688000,0x00000000d5700000)
  to   space 1024K, 0% used [0x00000000d5700000,0x00000000d5700000,0x00000000d5800000)
 ParOldGen       total 166912K, used 166692K [0x0000000080000000, 0x000000008a300000, 0x00000000d5580000)
  object space 166912K, 99% used [0x0000000080000000,0x000000008a2c9170,0x000000008a300000)
 Metaspace       used 67289K, committed 68800K, reserved 1114112K
  class space    used 7093K, committed 7680K, reserved 1048576K
}
Event: 83.909 GC heap before
{Heap before GC invocations=423 (full 3):
 PSYoungGen      total 1536K, used 1056K [0x00000000d5580000, 0x00000000d5800000, 0x0000000100000000)
  eden space 512K, 100% used [0x00000000d5580000,0x00000000d5600000,0x00000000d5600000)
  from space 1024K, 53% used [0x00000000d5600000,0x00000000d5688000,0x00000000d5700000)
  to   space 1024K, 0% used [0x00000000d5700000,0x00000000d5700000,0x00000000d5800000)
 ParOldGen       total 166912K, used 166692K [0x0000000080000000, 0x000000008a300000, 0x00000000d5580000)
  object space 166912K, 99% used [0x0000000080000000,0x000000008a2c9170,0x000000008a300000)
 Metaspace       used 67296K, committed 68864K, reserved 1114112K
  class space    used 7096K, committed 7744K, reserved 1048576K
}
Event: 83.911 GC heap after
{Heap after GC invocations=423 (full 3):
 PSYoungGen      total 1536K, used 512K [0x00000000d5580000, 0x00000000d5800000, 0x0000000100000000)
  eden space 512K, 0% used [0x00000000d5580000,0x00000000d5580000,0x00000000d5600000)
  from space 1024K, 50% used [0x00000000d5700000,0x00000000d5780000,0x00000000d5800000)
  to   space 1024K, 0% used [0x00000000d5600000,0x00000000d5600000,0x00000000d5700000)
 ParOldGen       total 167424K, used 167172K [0x0000000080000000, 0x000000008a380000, 0x00000000d5580000)
  object space 167424K, 99% used [0x0000000080000000,0x000000008a341170,0x000000008a380000)
 Metaspace       used 67296K, committed 68864K, reserved 1114112K
  class space    used 7096K, committed 7744K, reserved 1048576K
}
Event: 83.929 GC heap before
{Heap before GC invocations=424 (full 3):
 PSYoungGen      total 1536K, used 1023K [0x00000000d5580000, 0x00000000d5800000, 0x0000000100000000)
  eden space 512K, 99% used [0x00000000d5580000,0x00000000d55fffb0,0x00000000d5600000)
  from space 1024K, 50% used [0x00000000d5700000,0x00000000d5780000,0x00000000d5800000)
  to   space 1024K, 0% used [0x00000000d5600000,0x00000000d5600000,0x00000000d5700000)
 ParOldGen       total 167424K, used 167172K [0x0000000080000000, 0x000000008a380000, 0x00000000d5580000)
  object space 167424K, 99% used [0x0000000080000000,0x000000008a341170,0x000000008a380000)
 Metaspace       used 67298K, committed 68864K, reserved 1114112K
  class space    used 7096K, committed 7744K, reserved 1048576K
}
Event: 83.932 GC heap after
{Heap after GC invocations=424 (full 3):
 PSYoungGen      total 1536K, used 512K [0x00000000d5580000, 0x00000000d5800000, 0x0000000100000000)
  eden space 512K, 0% used [0x00000000d5580000,0x00000000d5580000,0x00000000d5600000)
  from space 1024K, 50% used [0x00000000d5600000,0x00000000d5680000,0x00000000d5700000)
  to   space 1024K, 0% used [0x00000000d5700000,0x00000000d5700000,0x00000000d5800000)
 ParOldGen       total 167936K, used 167612K [0x0000000080000000, 0x000000008a400000, 0x00000000d5580000)
  object space 167936K, 99% used [0x0000000080000000,0x000000008a3af170,0x000000008a400000)
 Metaspace       used 67298K, committed 68864K, reserved 1114112K
  class space    used 7096K, committed 7744K, reserved 1048576K
}
Event: 83.951 GC heap before
{Heap before GC invocations=425 (full 3):
 PSYoungGen      total 1536K, used 1023K [0x00000000d5580000, 0x00000000d5800000, 0x0000000100000000)
  eden space 512K, 99% used [0x00000000d5580000,0x00000000d55ffe90,0x00000000d5600000)
  from space 1024K, 50% used [0x00000000d5600000,0x00000000d5680000,0x00000000d5700000)
  to   space 1024K, 0% used [0x00000000d5700000,0x00000000d5700000,0x00000000d5800000)
 ParOldGen       total 167936K, used 167612K [0x0000000080000000, 0x000000008a400000, 0x00000000d5580000)
  object space 167936K, 99% used [0x0000000080000000,0x000000008a3af170,0x000000008a400000)
 Metaspace       used 67298K, committed 68864K, reserved 1114112K
  class space    used 7096K, committed 7744K, reserved 1048576K
}
Event: 83.953 GC heap after
{Heap after GC invocations=425 (full 3):
 PSYoungGen      total 1536K, used 608K [0x00000000d5580000, 0x00000000d5800000, 0x0000000100000000)
  eden space 512K, 0% used [0x00000000d5580000,0x00000000d5580000,0x00000000d5600000)
  from space 1024K, 59% used [0x00000000d5700000,0x00000000d5798000,0x00000000d5800000)
  to   space 1024K, 0% used [0x00000000d5600000,0x00000000d5600000,0x00000000d5700000)
 ParOldGen       total 168448K, used 168036K [0x0000000080000000, 0x000000008a480000, 0x00000000d5580000)
  object space 168448K, 99% used [0x0000000080000000,0x000000008a419170,0x000000008a480000)
 Metaspace       used 67298K, committed 68864K, reserved 1114112K
  class space    used 7096K, committed 7744K, reserved 1048576K
}
Event: 83.967 GC heap before
{Heap before GC invocations=426 (full 3):
 PSYoungGen      total 1536K, used 1120K [0x00000000d5580000, 0x00000000d5800000, 0x0000000100000000)
  eden space 512K, 100% used [0x00000000d5580000,0x00000000d5600000,0x00000000d5600000)
  from space 1024K, 59% used [0x00000000d5700000,0x00000000d5798000,0x00000000d5800000)
  to   space 1024K, 0% used [0x00000000d5600000,0x00000000d5600000,0x00000000d5700000)
 ParOldGen       total 168448K, used 168036K [0x0000000080000000, 0x000000008a480000, 0x00000000d5580000)
  object space 168448K, 99% used [0x0000000080000000,0x000000008a419170,0x000000008a480000)
 Metaspace       used 67303K, committed 68864K, reserved 1114112K
  class space    used 7097K, committed 7744K, reserved 1048576K
}
Event: 83.969 GC heap after
{Heap after GC invocations=426 (full 3):
 PSYoungGen      total 1536K, used 544K [0x00000000d5580000, 0x00000000d5800000, 0x0000000100000000)
  eden space 512K, 0% used [0x00000000d5580000,0x00000000d5580000,0x00000000d5600000)
  from space 1024K, 53% used [0x00000000d5600000,0x00000000d5688000,0x00000000d5700000)
  to   space 1024K, 0% used [0x00000000d5700000,0x00000000d5700000,0x00000000d5800000)
 ParOldGen       total 168960K, used 168509K [0x0000000080000000, 0x000000008a500000, 0x00000000d5580000)
  object space 168960K, 99% used [0x0000000080000000,0x000000008a48f490,0x000000008a500000)
 Metaspace       used 67303K, committed 68864K, reserved 1114112K
  class space    used 7097K, committed 7744K, reserved 1048576K
}
Event: 83.983 GC heap before
{Heap before GC invocations=427 (full 3):
 PSYoungGen      total 1536K, used 1055K [0x00000000d5580000, 0x00000000d5800000, 0x0000000100000000)
  eden space 512K, 99% used [0x00000000d5580000,0x00000000d55fffe0,0x00000000d5600000)
  from space 1024K, 53% used [0x00000000d5600000,0x00000000d5688000,0x00000000d5700000)
  to   space 1024K, 0% used [0x00000000d5700000,0x00000000d5700000,0x00000000d5800000)
 ParOldGen       total 168960K, used 168509K [0x0000000080000000, 0x000000008a500000, 0x00000000d5580000)
  object space 168960K, 99% used [0x0000000080000000,0x000000008a48f490,0x000000008a500000)
 Metaspace       used 67315K, committed 68864K, reserved 1114112K
  class space    used 7098K, committed 7744K, reserved 1048576K
}
Event: 83.985 GC heap after
{Heap after GC invocations=427 (full 3):
 PSYoungGen      total 1536K, used 480K [0x00000000d5580000, 0x00000000d5780000, 0x0000000100000000)
  eden space 1024K, 0% used [0x00000000d5580000,0x00000000d5580000,0x00000000d5680000)
  from space 512K, 93% used [0x00000000d5700000,0x00000000d5778000,0x00000000d5780000)
  to   space 512K, 0% used [0x00000000d5680000,0x00000000d5680000,0x00000000d5700000)
 ParOldGen       total 168960K, used 168949K [0x0000000080000000, 0x000000008a500000, 0x00000000d5580000)
  object space 168960K, 99% used [0x0000000080000000,0x000000008a4fd490,0x000000008a500000)
 Metaspace       used 67315K, committed 68864K, reserved 1114112K
  class space    used 7098K, committed 7744K, reserved 1048576K
}
Event: 338.344 GC heap before
{Heap before GC invocations=428 (full 3):
 PSYoungGen      total 1536K, used 1498K [0x00000000d5580000, 0x00000000d5780000, 0x0000000100000000)
  eden space 1024K, 99% used [0x00000000d5580000,0x00000000d567e828,0x00000000d5680000)
  from space 512K, 93% used [0x00000000d5700000,0x00000000d5778000,0x00000000d5780000)
  to   space 512K, 0% used [0x00000000d5680000,0x00000000d5680000,0x00000000d5700000)
 ParOldGen       total 168960K, used 168949K [0x0000000080000000, 0x000000008a500000, 0x00000000d5580000)
  object space 168960K, 99% used [0x0000000080000000,0x000000008a4fd490,0x000000008a500000)
 Metaspace       used 67425K, committed 68928K, reserved 1114112K
  class space    used 7113K, committed 7744K, reserved 1048576K
}
Event: 338.486 GC heap after
{Heap after GC invocations=428 (full 3):
 PSYoungGen      total 1536K, used 256K [0x00000000d5580000, 0x00000000d5780000, 0x0000000100000000)
  eden space 1024K, 0% used [0x00000000d5580000,0x00000000d5580000,0x00000000d5680000)
  from space 512K, 50% used [0x00000000d5680000,0x00000000d56c0000,0x00000000d5700000)
  to   space 512K, 0% used [0x00000000d5700000,0x00000000d5700000,0x00000000d5780000)
 ParOldGen       total 169472K, used 169317K [0x0000000080000000, 0x000000008a580000, 0x00000000d5580000)
  object space 169472K, 99% used [0x0000000080000000,0x000000008a559490,0x000000008a580000)
 Metaspace       used 67425K, committed 68928K, reserved 1114112K
  class space    used 7113K, committed 7744K, reserved 1048576K
}
Event: 339.635 GC heap before
{Heap before GC invocations=429 (full 3):
 PSYoungGen      total 1536K, used 1279K [0x00000000d5580000, 0x00000000d5780000, 0x0000000100000000)
  eden space 1024K, 99% used [0x00000000d5580000,0x00000000d567fc70,0x00000000d5680000)
  from space 512K, 50% used [0x00000000d5680000,0x00000000d56c0000,0x00000000d5700000)
  to   space 512K, 0% used [0x00000000d5700000,0x00000000d5700000,0x00000000d5780000)
 ParOldGen       total 169472K, used 169317K [0x0000000080000000, 0x000000008a580000, 0x00000000d5580000)
  object space 169472K, 99% used [0x0000000080000000,0x000000008a559490,0x000000008a580000)
 Metaspace       used 67520K, committed 69056K, reserved 1114112K
  class space    used 7126K, committed 7744K, reserved 1048576K
}
Event: 339.649 GC heap after
{Heap after GC invocations=429 (full 3):
 PSYoungGen      total 1536K, used 224K [0x00000000d5580000, 0x00000000d5780000, 0x0000000100000000)
  eden space 1024K, 0% used [0x00000000d5580000,0x00000000d5580000,0x00000000d5680000)
  from space 512K, 43% used [0x00000000d5700000,0x00000000d5738000,0x00000000d5780000)
  to   space 512K, 0% used [0x00000000d5680000,0x00000000d5680000,0x00000000d5700000)
 ParOldGen       total 169472K, used 169365K [0x0000000080000000, 0x000000008a580000, 0x00000000d5580000)
  object space 169472K, 99% used [0x0000000080000000,0x000000008a565490,0x000000008a580000)
 Metaspace       used 67520K, committed 69056K, reserved 1114112K
  class space    used 7126K, committed 7744K, reserved 1048576K
}

